Using pre-set license

 COMMAND LINE ARGUMENTS:
/Applications/Unity/2021.1.1f1/Unity.app/Contents/MacOS/Unity
-adb2
-batchMode
-noUpm
-name
AssetImportWorker1
-projectPath
/Users/macbook/Desktop/unity_project/tutorial1
-logFile
Logs/AssetImportWorker1.log
-srvPort
49408
Successfully changed project path to: /Users/macbook/Desktop/unity_project/tutorial1
/Users/macbook/Desktop/unity_project/tutorial1
Using Asset Import Pipeline V2.
Refreshing native plugins compatible for Editor in 150.17 ms, found 1 plugins.
Preloading 0 native plugins for Editor in 0.00 ms.
Initialize engine version: 2021.1.1f1 (6fdc41dfa55a)
[Subsystems] Discovering subsystems at path /Applications/Unity/2021.1.1f1/Unity.app/Contents/Resources/UnitySubsystems
[Subsystems] Discovering subsystems at path /Users/macbook/Desktop/unity_project/tutorial1/Assets
GfxDevice: creating device client; threaded=0; jobified=0
Renderer: Intel HD Graphics 3000 OpenGL Engine
Vendor:   Intel Inc.
Version:  3.3 INTEL-10.4.14
GLES:     0
 GL_ARB_blend_func_extended GL_ARB_ES2_compatibility GL_ARB_explicit_attrib_location GL_ARB_instanced_arrays GL_ARB_internalformat_query GL_ARB_occlusion_query2 GL_ARB_sampler_objects GL_ARB_separate_shader_objects GL_ARB_shader_bit_encoding GL_ARB_shading_language_include GL_ARB_texture_rgb10_a2ui GL_ARB_texture_storage GL_ARB_texture_swizzle GL_ARB_timer_query GL_ARB_vertex_type_2_10_10_10_rev GL_EXT_debug_label GL_EXT_debug_marker GL_EXT_texture_compression_s3tc GL_EXT_texture_filter_anisotropic GL_EXT_texture_sRGB_decode GL_APPLE_client_storage GL_APPLE_container_object_shareable GL_APPLE_flush_render GL_APPLE_object_purgeable GL_APPLE_rgb_422 GL_APPLE_row_bytes GL_APPLE_texture_range GL_ATI_texture_mirror_once GL_NV_texture_barrier
OPENGL LOG: Creating OpenGL 3.3 graphics device ; Context level  <OpenGL 3.3> ; Context handle -703911424
Initialize mono
Mono path[0] = '/Applications/Unity/2021.1.1f1/Unity.app/Contents/Managed'
Mono path[1] = '/Applications/Unity/2021.1.1f1/Unity.app/Contents/MonoBleedingEdge/lib/mono/unityjit'
Mono config path = '/Applications/Unity/2021.1.1f1/Unity.app/Contents/MonoBleedingEdge/etc'
Using monoOptions --debugger-agent=transport=dt_socket,embedding=1,server=y,suspend=n,address=127.0.0.1:56671
Begin MonoManager ReloadAssembly
Registering precompiled unity dll's ...
Register platform support module: /Applications/Unity/2021.1.1f1/Unity.app/Contents/PlaybackEngines/MacStandaloneSupport/UnityEditor.OSXStandalone.Extensions.dll
Register platform support module: /Applications/Unity/2021.1.1f1/PlaybackEngines/WindowsStandaloneSupport/UnityEditor.WindowsStandalone.Extensions.dll
Registered in 0.000776 seconds.
Native extension for WindowsStandalone target not found
Native extension for OSXStandalone target not found
Refreshing native plugins compatible for Editor in 181.02 ms, found 1 plugins.
Preloading 0 native plugins for Editor in 0.00 ms.
Mono: successfully reloaded assembly
- Completed reload, in  4.263 seconds
Platform modules already initialized, skipping
Registering precompiled user dll's ...
Registered in 0.002344 seconds.
Begin MonoManager ReloadAssembly
Native extension for WindowsStandalone target not found
Native extension for OSXStandalone target not found
Refreshing native plugins compatible for Editor in 1.06 ms, found 1 plugins.
Preloading 0 native plugins for Editor in 0.00 ms.
Mono: successfully reloaded assembly
- Completed reload, in  2.259 seconds
Platform modules already initialized, skipping
========================================================================
Worker process is ready to serve import requests
Launching external process: /Applications/Unity/2021.1.1f1/Unity.app/Contents/Tools/UnityShaderCompiler
Launched and connected shader compiler UnityShaderCompiler after 0.05 seconds
Refreshing native plugins compatible for Editor in 1.01 ms, found 1 plugins.
Preloading 0 native plugins for Editor in 0.00 ms.
Unloading 2668 Unused Serialized files (Serialized files now loaded: 0)
System memory in use before: 166.1 MB.
System memory in use after: 166.3 MB.

Unloading 15 unused Assets to reduce memory usage. Loaded Objects now: 3119.
Total: 4.435830 ms (FindLiveObjects: 0.488693 ms CreateObjectMapping: 0.157548 ms MarkObjects: 3.654699 ms  DeleteObjects: 0.132281 ms)

========================================================================
Received Import Request.
  path: Assets/Slippery.physicMaterial
  artifactKey: Guid(e1eb127228c1b4040ad18a8109b188ca) Importer(815301076,1909f56bfc062723c751e8b465ee728b)
Start importing Assets/Slippery.physicMaterial using Guid(e1eb127228c1b4040ad18a8109b188ca) Importer(815301076,1909f56bfc062723c751e8b465ee728b)  -> (artifact id: '872798e05e6fe934779afb5da46966d6') in 0.525823 seconds 
========================================================================
Received Prepare
Refreshing native plugins compatible for Editor in 2.70 ms, found 1 plugins.
Preloading 0 native plugins for Editor in 0.00 ms.
Unloading 8 Unused Serialized files (Serialized files now loaded: 0)
System memory in use before: 117.7 MB.
System memory in use after: 117.9 MB.

Unloading 8 unused Assets to reduce memory usage. Loaded Objects now: 3119.
Total: 2.996341 ms (FindLiveObjects: 0.249513 ms CreateObjectMapping: 0.114920 ms MarkObjects: 2.567345 ms  DeleteObjects: 0.062641 ms)

========================================================================
Received Prepare
Registering precompiled user dll's ...
Registered in 0.002646 seconds.
Begin MonoManager ReloadAssembly
Native extension for WindowsStandalone target not found
Native extension for OSXStandalone target not found
Refreshing native plugins compatible for Editor in 0.89 ms, found 1 plugins.
Preloading 0 native plugins for Editor in 0.00 ms.
Mono: successfully reloaded assembly
- Completed reload, in  1.589 seconds
Platform modules already initialized, skipping
Refreshing native plugins compatible for Editor in 0.80 ms, found 1 plugins.
Preloading 0 native plugins for Editor in 0.00 ms.
Unloading 2663 Unused Serialized files (Serialized files now loaded: 0)
System memory in use before: 170.9 MB.
System memory in use after: 171.1 MB.

Unloading 10 unused Assets to reduce memory usage. Loaded Objects now: 3122.
Total: 2.784035 ms (FindLiveObjects: 0.259903 ms CreateObjectMapping: 0.116856 ms MarkObjects: 2.327634 ms  DeleteObjects: 0.078028 ms)

========================================================================
Received Prepare
Registering precompiled user dll's ...
Registered in 0.002354 seconds.
Begin MonoManager ReloadAssembly
Native extension for WindowsStandalone target not found
Native extension for OSXStandalone target not found
Refreshing native plugins compatible for Editor in 0.73 ms, found 1 plugins.
Preloading 0 native plugins for Editor in 0.00 ms.
Mono: successfully reloaded assembly
- Completed reload, in  1.602 seconds
Platform modules already initialized, skipping
Refreshing native plugins compatible for Editor in 0.94 ms, found 1 plugins.
Preloading 0 native plugins for Editor in 0.00 ms.
Unloading 2663 Unused Serialized files (Serialized files now loaded: 0)
System memory in use before: 171.2 MB.
System memory in use after: 171.4 MB.

Unloading 10 unused Assets to reduce memory usage. Loaded Objects now: 3125.
Total: 3.051276 ms (FindLiveObjects: 0.326473 ms CreateObjectMapping: 0.127958 ms MarkObjects: 2.524199 ms  DeleteObjects: 0.070788 ms)

========================================================================
Received Import Request.
  Time since last request: 1340.214784 seconds.
  path: Assets/Scripts/PlayerCollision.cs
  artifactKey: Guid(1770b42b43acc4d43ac68e772c75c1b3) Importer(815301076,1909f56bfc062723c751e8b465ee728b)
Start importing Assets/Scripts/PlayerCollision.cs using Guid(1770b42b43acc4d43ac68e772c75c1b3) Importer(815301076,1909f56bfc062723c751e8b465ee728b)  -> (artifact id: '2bacadfda6cdc71dc583fa0136facf4c') in 0.418151 seconds 
========================================================================
Received Import Request.
  Time since last request: 184.362736 seconds.
  path: Assets/Scripts/PlayerCollision.cs
  artifactKey: Guid(1770b42b43acc4d43ac68e772c75c1b3) Importer(815301076,1909f56bfc062723c751e8b465ee728b)
Start importing Assets/Scripts/PlayerCollision.cs using Guid(1770b42b43acc4d43ac68e772c75c1b3) Importer(815301076,1909f56bfc062723c751e8b465ee728b)  -> (artifact id: '6d21648492060b5f8ed645168b169dcc') in 0.001582 seconds 
========================================================================
Received Prepare
Registering precompiled user dll's ...
Registered in 0.002975 seconds.
Begin MonoManager ReloadAssembly
Native extension for WindowsStandalone target not found
Native extension for OSXStandalone target not found
Refreshing native plugins compatible for Editor in 0.80 ms, found 1 plugins.
Preloading 0 native plugins for Editor in 0.00 ms.
Mono: successfully reloaded assembly
- Completed reload, in  1.518 seconds
Platform modules already initialized, skipping
Refreshing native plugins compatible for Editor in 0.74 ms, found 1 plugins.
Preloading 0 native plugins for Editor in 0.00 ms.
Unloading 2663 Unused Serialized files (Serialized files now loaded: 0)
System memory in use before: 172.5 MB.
System memory in use after: 172.7 MB.

Unloading 10 unused Assets to reduce memory usage. Loaded Objects now: 3128.
Total: 2.694268 ms (FindLiveObjects: 0.251451 ms CreateObjectMapping: 0.116024 ms MarkObjects: 2.256286 ms  DeleteObjects: 0.068409 ms)

========================================================================
Received Prepare
Registering precompiled user dll's ...
Registered in 0.002443 seconds.
Begin MonoManager ReloadAssembly
Native extension for WindowsStandalone target not found
Native extension for OSXStandalone target not found
Refreshing native plugins compatible for Editor in 1.25 ms, found 1 plugins.
Preloading 0 native plugins for Editor in 0.00 ms.
Mono: successfully reloaded assembly
- Completed reload, in  1.866 seconds
Platform modules already initialized, skipping
Refreshing native plugins compatible for Editor in 0.77 ms, found 1 plugins.
Preloading 0 native plugins for Editor in 0.00 ms.
Unloading 2663 Unused Serialized files (Serialized files now loaded: 0)
System memory in use before: 172.7 MB.
System memory in use after: 172.9 MB.

Unloading 10 unused Assets to reduce memory usage. Loaded Objects now: 3131.
Total: 5.011852 ms (FindLiveObjects: 0.510969 ms CreateObjectMapping: 0.360680 ms MarkObjects: 4.042351 ms  DeleteObjects: 0.094860 ms)

========================================================================
Received Import Request.
  Time since last request: 207.085718 seconds.
  path: Assets/Scripts/PlayerCollision.cs
  artifactKey: Guid(1770b42b43acc4d43ac68e772c75c1b3) Importer(815301076,1909f56bfc062723c751e8b465ee728b)
Start importing Assets/Scripts/PlayerCollision.cs using Guid(1770b42b43acc4d43ac68e772c75c1b3) Importer(815301076,1909f56bfc062723c751e8b465ee728b)  -> (artifact id: 'acfd0429129b3edaaf85f94b23c23a0e') in 0.006797 seconds 
========================================================================
Received Prepare
Registering precompiled user dll's ...
Registered in 0.002321 seconds.
Begin MonoManager ReloadAssembly
Native extension for WindowsStandalone target not found
Native extension for OSXStandalone target not found
Refreshing native plugins compatible for Editor in 0.90 ms, found 1 plugins.
Preloading 0 native plugins for Editor in 0.00 ms.
Mono: successfully reloaded assembly
- Completed reload, in  1.508 seconds
Platform modules already initialized, skipping
Refreshing native plugins compatible for Editor in 0.81 ms, found 1 plugins.
Preloading 0 native plugins for Editor in 0.00 ms.
Unloading 2663 Unused Serialized files (Serialized files now loaded: 0)
System memory in use before: 172.9 MB.
System memory in use after: 173.1 MB.

Unloading 10 unused Assets to reduce memory usage. Loaded Objects now: 3134.
Total: 3.543008 ms (FindLiveObjects: 0.410438 ms CreateObjectMapping: 0.139508 ms MarkObjects: 2.925321 ms  DeleteObjects: 0.065506 ms)

========================================================================
Received Prepare
Registering precompiled user dll's ...
Registered in 0.002348 seconds.
Begin MonoManager ReloadAssembly
Native extension for WindowsStandalone target not found
Native extension for OSXStandalone target not found
Refreshing native plugins compatible for Editor in 0.98 ms, found 1 plugins.
Preloading 0 native plugins for Editor in 0.00 ms.
Mono: successfully reloaded assembly
- Completed reload, in  1.822 seconds
Platform modules already initialized, skipping
Refreshing native plugins compatible for Editor in 0.76 ms, found 1 plugins.
Preloading 0 native plugins for Editor in 0.00 ms.
Unloading 2663 Unused Serialized files (Serialized files now loaded: 0)
System memory in use before: 173.0 MB.
System memory in use after: 173.3 MB.

Unloading 10 unused Assets to reduce memory usage. Loaded Objects now: 3137.
Total: 2.623754 ms (FindLiveObjects: 0.264828 ms CreateObjectMapping: 0.116286 ms MarkObjects: 2.163789 ms  DeleteObjects: 0.076857 ms)

========================================================================
Received Import Request.
  Time since last request: 1476.091994 seconds.
  path: Assets/Scripts/PlayerCollision.cs
  artifactKey: Guid(1770b42b43acc4d43ac68e772c75c1b3) Importer(815301076,1909f56bfc062723c751e8b465ee728b)
Start importing Assets/Scripts/PlayerCollision.cs using Guid(1770b42b43acc4d43ac68e772c75c1b3) Importer(815301076,1909f56bfc062723c751e8b465ee728b)  -> (artifact id: '6f8b756382adab328482fbd3ec43fb95') in 0.043968 seconds 
========================================================================
Received Prepare
Registering precompiled user dll's ...
Registered in 0.002242 seconds.
Begin MonoManager ReloadAssembly
Native extension for WindowsStandalone target not found
Native extension for OSXStandalone target not found
Refreshing native plugins compatible for Editor in 0.73 ms, found 1 plugins.
Preloading 0 native plugins for Editor in 0.00 ms.
Mono: successfully reloaded assembly
- Completed reload, in  1.555 seconds
Platform modules already initialized, skipping
Refreshing native plugins compatible for Editor in 0.82 ms, found 1 plugins.
Preloading 0 native plugins for Editor in 0.00 ms.
Unloading 2663 Unused Serialized files (Serialized files now loaded: 0)
System memory in use before: 173.2 MB.
System memory in use after: 173.5 MB.

Unloading 10 unused Assets to reduce memory usage. Loaded Objects now: 3140.
Total: 2.761705 ms (FindLiveObjects: 0.251188 ms CreateObjectMapping: 0.113736 ms MarkObjects: 2.332829 ms  DeleteObjects: 0.061910 ms)

========================================================================
Received Import Request.
  Time since last request: 36.304418 seconds.
  path: ProjectSettings/TagManager.asset
  artifactKey: Guid(00000000000000003000000000000000) Importer(815301076,1909f56bfc062723c751e8b465ee728b)
Start importing ProjectSettings/TagManager.asset using Guid(00000000000000003000000000000000) Importer(815301076,1909f56bfc062723c751e8b465ee728b)  -> (artifact id: '4d0bcabdc2b22e43aa7c7fb19f6c7324') in 0.091822 seconds 
========================================================================
Received Prepare
Registering precompiled user dll's ...
Registered in 0.002368 seconds.
Begin MonoManager ReloadAssembly
Native extension for WindowsStandalone target not found
Native extension for OSXStandalone target not found
Refreshing native plugins compatible for Editor in 0.80 ms, found 1 plugins.
Preloading 0 native plugins for Editor in 0.00 ms.
Mono: successfully reloaded assembly
- Completed reload, in  1.447 seconds
Platform modules already initialized, skipping
Refreshing native plugins compatible for Editor in 0.74 ms, found 1 plugins.
Preloading 0 native plugins for Editor in 0.00 ms.
Unloading 2663 Unused Serialized files (Serialized files now loaded: 0)
System memory in use before: 177.6 MB.
System memory in use after: 177.8 MB.

Unloading 11 unused Assets to reduce memory usage. Loaded Objects now: 3143.
Total: 2.530656 ms (FindLiveObjects: 0.247598 ms CreateObjectMapping: 0.112128 ms MarkObjects: 2.096551 ms  DeleteObjects: 0.072422 ms)

========================================================================
Received Prepare
Registering precompiled user dll's ...
Registered in 0.002308 seconds.
Begin MonoManager ReloadAssembly
Native extension for WindowsStandalone target not found
Native extension for OSXStandalone target not found
Refreshing native plugins compatible for Editor in 0.80 ms, found 1 plugins.
Preloading 0 native plugins for Editor in 0.00 ms.
Mono: successfully reloaded assembly
- Completed reload, in  1.715 seconds
Platform modules already initialized, skipping
Refreshing native plugins compatible for Editor in 0.76 ms, found 1 plugins.
Preloading 0 native plugins for Editor in 0.00 ms.
Unloading 2663 Unused Serialized files (Serialized files now loaded: 0)
System memory in use before: 177.8 MB.
System memory in use after: 178.0 MB.

Unloading 10 unused Assets to reduce memory usage. Loaded Objects now: 3146.
Total: 2.700963 ms (FindLiveObjects: 0.254271 ms CreateObjectMapping: 0.119722 ms MarkObjects: 2.257702 ms  DeleteObjects: 0.067588 ms)

========================================================================
Received Prepare
Registering precompiled user dll's ...
Registered in 0.002445 seconds.
Begin MonoManager ReloadAssembly
Native extension for WindowsStandalone target not found
Native extension for OSXStandalone target not found
Refreshing native plugins compatible for Editor in 0.75 ms, found 1 plugins.
Preloading 0 native plugins for Editor in 0.00 ms.
Mono: successfully reloaded assembly
- Completed reload, in  1.662 seconds
Platform modules already initialized, skipping
Refreshing native plugins compatible for Editor in 0.75 ms, found 1 plugins.
Preloading 0 native plugins for Editor in 0.00 ms.
Unloading 2663 Unused Serialized files (Serialized files now loaded: 0)
System memory in use before: 177.9 MB.
System memory in use after: 178.1 MB.

Unloading 10 unused Assets to reduce memory usage. Loaded Objects now: 3149.
Total: 2.997032 ms (FindLiveObjects: 0.372897 ms CreateObjectMapping: 0.152485 ms MarkObjects: 2.402898 ms  DeleteObjects: 0.067105 ms)

========================================================================
Received Prepare
Registering precompiled user dll's ...
Registered in 0.002555 seconds.
Begin MonoManager ReloadAssembly
Native extension for WindowsStandalone target not found
Native extension for OSXStandalone target not found
Refreshing native plugins compatible for Editor in 0.76 ms, found 1 plugins.
Preloading 0 native plugins for Editor in 0.00 ms.
Mono: successfully reloaded assembly
- Completed reload, in  1.605 seconds
Platform modules already initialized, skipping
Refreshing native plugins compatible for Editor in 0.86 ms, found 1 plugins.
Preloading 0 native plugins for Editor in 0.00 ms.
Unloading 2663 Unused Serialized files (Serialized files now loaded: 0)
System memory in use before: 178.1 MB.
System memory in use after: 178.3 MB.

Unloading 10 unused Assets to reduce memory usage. Loaded Objects now: 3152.
Total: 3.109010 ms (FindLiveObjects: 0.255268 ms CreateObjectMapping: 0.118992 ms MarkObjects: 2.661433 ms  DeleteObjects: 0.071408 ms)

========================================================================
Received Prepare
Registering precompiled user dll's ...
Registered in 0.002305 seconds.
Begin MonoManager ReloadAssembly
Native extension for WindowsStandalone target not found
Native extension for OSXStandalone target not found
Refreshing native plugins compatible for Editor in 1.00 ms, found 1 plugins.
Preloading 0 native plugins for Editor in 0.00 ms.
Mono: successfully reloaded assembly
- Completed reload, in  1.634 seconds
Platform modules already initialized, skipping
Refreshing native plugins compatible for Editor in 0.83 ms, found 1 plugins.
Preloading 0 native plugins for Editor in 0.00 ms.
Unloading 2663 Unused Serialized files (Serialized files now loaded: 0)
System memory in use before: 178.3 MB.
System memory in use after: 178.5 MB.

Unloading 10 unused Assets to reduce memory usage. Loaded Objects now: 3155.
Total: 4.146579 ms (FindLiveObjects: 0.517565 ms CreateObjectMapping: 0.299217 ms MarkObjects: 3.260618 ms  DeleteObjects: 0.067272 ms)

========================================================================
Received Prepare
Registering precompiled user dll's ...
Registered in 0.002572 seconds.
Begin MonoManager ReloadAssembly
Native extension for WindowsStandalone target not found
Native extension for OSXStandalone target not found
Refreshing native plugins compatible for Editor in 0.76 ms, found 1 plugins.
Preloading 0 native plugins for Editor in 0.00 ms.
Mono: successfully reloaded assembly
- Completed reload, in  1.566 seconds
Platform modules already initialized, skipping
Refreshing native plugins compatible for Editor in 0.82 ms, found 1 plugins.
Preloading 0 native plugins for Editor in 0.00 ms.
Unloading 2663 Unused Serialized files (Serialized files now loaded: 0)
System memory in use before: 178.5 MB.
System memory in use after: 178.7 MB.

Unloading 10 unused Assets to reduce memory usage. Loaded Objects now: 3158.
Total: 2.620713 ms (FindLiveObjects: 0.294840 ms CreateObjectMapping: 0.138668 ms MarkObjects: 2.121643 ms  DeleteObjects: 0.063283 ms)

========================================================================
Received Prepare
Registering precompiled user dll's ...
Registered in 0.002419 seconds.
Begin MonoManager ReloadAssembly
Native extension for WindowsStandalone target not found
Native extension for OSXStandalone target not found
Refreshing native plugins compatible for Editor in 0.76 ms, found 1 plugins.
Preloading 0 native plugins for Editor in 0.00 ms.
Mono: successfully reloaded assembly
- Completed reload, in  1.563 seconds
Platform modules already initialized, skipping
Refreshing native plugins compatible for Editor in 0.73 ms, found 1 plugins.
Preloading 0 native plugins for Editor in 0.00 ms.
Unloading 2663 Unused Serialized files (Serialized files now loaded: 0)
System memory in use before: 178.7 MB.
System memory in use after: 178.9 MB.

Unloading 10 unused Assets to reduce memory usage. Loaded Objects now: 3161.
Total: 2.933135 ms (FindLiveObjects: 0.253975 ms CreateObjectMapping: 0.118629 ms MarkObjects: 2.494363 ms  DeleteObjects: 0.064304 ms)

========================================================================
Received Import Request.
  Time since last request: 728.416683 seconds.
  path: Assets/Obstacle.prefab
  artifactKey: Guid(f346964983de0478caa105d0d6fa2713) Importer(815301076,1909f56bfc062723c751e8b465ee728b)
Start importing Assets/Obstacle.prefab using Guid(f346964983de0478caa105d0d6fa2713) Importer(815301076,1909f56bfc062723c751e8b465ee728b)  -> (artifact id: 'd62f8c2bb1cf0f404c9961b1d0595879') in 0.884770 seconds 
========================================================================
Received Prepare
Registering precompiled user dll's ...
Registered in 0.002410 seconds.
Begin MonoManager ReloadAssembly
Native extension for WindowsStandalone target not found
Native extension for OSXStandalone target not found
Refreshing native plugins compatible for Editor in 0.87 ms, found 1 plugins.
Preloading 0 native plugins for Editor in 0.00 ms.
Mono: successfully reloaded assembly
- Completed reload, in  1.578 seconds
Platform modules already initialized, skipping
Refreshing native plugins compatible for Editor in 0.76 ms, found 1 plugins.
Preloading 0 native plugins for Editor in 0.00 ms.
Unloading 2663 Unused Serialized files (Serialized files now loaded: 0)
System memory in use before: 186.9 MB.
System memory in use after: 187.1 MB.

Unloading 10 unused Assets to reduce memory usage. Loaded Objects now: 3172.
Total: 2.777572 ms (FindLiveObjects: 0.259092 ms CreateObjectMapping: 0.116784 ms MarkObjects: 2.328257 ms  DeleteObjects: 0.071724 ms)

========================================================================
Received Prepare
Registering precompiled user dll's ...
Registered in 0.002945 seconds.
Begin MonoManager ReloadAssembly
Native extension for WindowsStandalone target not found
Native extension for OSXStandalone target not found
Refreshing native plugins compatible for Editor in 0.79 ms, found 1 plugins.
Preloading 0 native plugins for Editor in 0.00 ms.
Mono: successfully reloaded assembly
- Completed reload, in  1.590 seconds
Platform modules already initialized, skipping
Refreshing native plugins compatible for Editor in 0.81 ms, found 1 plugins.
Preloading 0 native plugins for Editor in 0.00 ms.
Unloading 2663 Unused Serialized files (Serialized files now loaded: 0)
System memory in use before: 187.1 MB.
System memory in use after: 187.3 MB.

Unloading 10 unused Assets to reduce memory usage. Loaded Objects now: 3175.
Total: 2.892876 ms (FindLiveObjects: 0.281867 ms CreateObjectMapping: 0.122954 ms MarkObjects: 2.419069 ms  DeleteObjects: 0.066496 ms)

========================================================================
Received Import Request.
  Time since last request: 869.497242 seconds.
  path: ProjectSettings/TagManager.asset
  artifactKey: Guid(00000000000000003000000000000000) Importer(815301076,1909f56bfc062723c751e8b465ee728b)
Start importing ProjectSettings/TagManager.asset using Guid(00000000000000003000000000000000) Importer(815301076,1909f56bfc062723c751e8b465ee728b)  -> (artifact id: 'f7c7da7779fdb58e3cd3e8af322c8b26') in 0.035334 seconds 
========================================================================
Received Import Request.
  Time since last request: 277.467296 seconds.
  path: Assets/Obstacle.prefab
  artifactKey: Guid(f346964983de0478caa105d0d6fa2713) Importer(815301076,1909f56bfc062723c751e8b465ee728b)
Start importing Assets/Obstacle.prefab using Guid(f346964983de0478caa105d0d6fa2713) Importer(815301076,1909f56bfc062723c751e8b465ee728b)  -> (artifact id: 'a4a0440eecf0e759a321ab79f9b9353c') in 0.566443 seconds 
========================================================================
Received Prepare
Registering precompiled user dll's ...
Registered in 0.002478 seconds.
Begin MonoManager ReloadAssembly
Native extension for WindowsStandalone target not found
Native extension for OSXStandalone target not found
Refreshing native plugins compatible for Editor in 0.77 ms, found 1 plugins.
Preloading 0 native plugins for Editor in 0.00 ms.
Mono: successfully reloaded assembly
- Completed reload, in  1.554 seconds
Platform modules already initialized, skipping
Refreshing native plugins compatible for Editor in 0.74 ms, found 1 plugins.
Preloading 0 native plugins for Editor in 0.00 ms.
Unloading 2663 Unused Serialized files (Serialized files now loaded: 0)
System memory in use before: 187.4 MB.
System memory in use after: 187.6 MB.

Unloading 11 unused Assets to reduce memory usage. Loaded Objects now: 3179.
Total: 2.918231 ms (FindLiveObjects: 0.281197 ms CreateObjectMapping: 0.121455 ms MarkObjects: 2.451240 ms  DeleteObjects: 0.061981 ms)

========================================================================
Received Prepare
Registering precompiled user dll's ...
Registered in 0.002428 seconds.
Begin MonoManager ReloadAssembly
Native extension for WindowsStandalone target not found
Native extension for OSXStandalone target not found
Refreshing native plugins compatible for Editor in 0.76 ms, found 1 plugins.
Preloading 0 native plugins for Editor in 0.00 ms.
Mono: successfully reloaded assembly
- Completed reload, in  1.570 seconds
Platform modules already initialized, skipping
Refreshing native plugins compatible for Editor in 0.75 ms, found 1 plugins.
Preloading 0 native plugins for Editor in 0.00 ms.
Unloading 2663 Unused Serialized files (Serialized files now loaded: 0)
System memory in use before: 187.6 MB.
System memory in use after: 187.8 MB.

Unloading 10 unused Assets to reduce memory usage. Loaded Objects now: 3182.
Total: 2.600191 ms (FindLiveObjects: 0.260624 ms CreateObjectMapping: 0.109733 ms MarkObjects: 2.161546 ms  DeleteObjects: 0.066202 ms)

========================================================================
Received Import Request.
  Time since last request: 1152.996404 seconds.
  path: Assets/Scripts/PlayerCollision.cs
  artifactKey: Guid(1770b42b43acc4d43ac68e772c75c1b3) Importer(815301076,1909f56bfc062723c751e8b465ee728b)
Start importing Assets/Scripts/PlayerCollision.cs using Guid(1770b42b43acc4d43ac68e772c75c1b3) Importer(815301076,1909f56bfc062723c751e8b465ee728b)  -> (artifact id: 'd95e336d34c38946693ddbcf50d85f03') in 0.007337 seconds 
========================================================================
Received Import Request.
  Time since last request: 5.927809 seconds.
  path: Assets/Scripts/PlayerMovements.cs
  artifactKey: Guid(af2771f9a9c084f9fa3322215bf3dec8) Importer(815301076,1909f56bfc062723c751e8b465ee728b)
Start importing Assets/Scripts/PlayerMovements.cs using Guid(af2771f9a9c084f9fa3322215bf3dec8) Importer(815301076,1909f56bfc062723c751e8b465ee728b)  -> (artifact id: 'a2263a4b5eea9b4d9bfd81b0056368a3') in 0.001997 seconds 
========================================================================
Received Import Request.
  Time since last request: 62.444619 seconds.
  path: Assets/Scripts/PlayerMovements.cs
  artifactKey: Guid(af2771f9a9c084f9fa3322215bf3dec8) Importer(815301076,1909f56bfc062723c751e8b465ee728b)
Start importing Assets/Scripts/PlayerMovements.cs using Guid(af2771f9a9c084f9fa3322215bf3dec8) Importer(815301076,1909f56bfc062723c751e8b465ee728b)  -> (artifact id: 'f645df243773d2c1db4f91518a4cffb0') in 0.002500 seconds 
========================================================================
Received Prepare
Registering precompiled user dll's ...
Registered in 0.004164 seconds.
Begin MonoManager ReloadAssembly
Native extension for WindowsStandalone target not found
Native extension for OSXStandalone target not found
Refreshing native plugins compatible for Editor in 0.75 ms, found 1 plugins.
Preloading 0 native plugins for Editor in 0.00 ms.
Mono: successfully reloaded assembly
- Completed reload, in  1.686 seconds
Platform modules already initialized, skipping
Refreshing native plugins compatible for Editor in 0.78 ms, found 1 plugins.
Preloading 0 native plugins for Editor in 0.00 ms.
Unloading 2663 Unused Serialized files (Serialized files now loaded: 0)
System memory in use before: 187.8 MB.
System memory in use after: 188.0 MB.

Unloading 10 unused Assets to reduce memory usage. Loaded Objects now: 3185.
Total: 2.642962 ms (FindLiveObjects: 0.256980 ms CreateObjectMapping: 0.120174 ms MarkObjects: 2.196814 ms  DeleteObjects: 0.067312 ms)

========================================================================
Received Prepare
Registering precompiled user dll's ...
Registered in 0.002376 seconds.
Begin MonoManager ReloadAssembly
Native extension for WindowsStandalone target not found
Native extension for OSXStandalone target not found
Refreshing native plugins compatible for Editor in 0.74 ms, found 1 plugins.
Preloading 0 native plugins for Editor in 0.00 ms.
Mono: successfully reloaded assembly
- Completed reload, in  1.531 seconds
Platform modules already initialized, skipping
Refreshing native plugins compatible for Editor in 0.73 ms, found 1 plugins.
Preloading 0 native plugins for Editor in 0.00 ms.
Unloading 2663 Unused Serialized files (Serialized files now loaded: 0)
System memory in use before: 187.9 MB.
System memory in use after: 188.1 MB.

Unloading 10 unused Assets to reduce memory usage. Loaded Objects now: 3188.
Total: 2.715108 ms (FindLiveObjects: 0.337138 ms CreateObjectMapping: 0.126398 ms MarkObjects: 2.185789 ms  DeleteObjects: 0.063514 ms)

========================================================================
Received Prepare
Registering precompiled user dll's ...
Registered in 0.002318 seconds.
Begin MonoManager ReloadAssembly
Native extension for WindowsStandalone target not found
Native extension for OSXStandalone target not found
Refreshing native plugins compatible for Editor in 0.74 ms, found 1 plugins.
Preloading 0 native plugins for Editor in 0.00 ms.
Mono: successfully reloaded assembly
- Completed reload, in  1.672 seconds
Platform modules already initialized, skipping
Refreshing native plugins compatible for Editor in 0.74 ms, found 1 plugins.
Preloading 0 native plugins for Editor in 0.00 ms.
Unloading 2663 Unused Serialized files (Serialized files now loaded: 0)
System memory in use before: 188.1 MB.
System memory in use after: 188.3 MB.

Unloading 10 unused Assets to reduce memory usage. Loaded Objects now: 3191.
Total: 3.480881 ms (FindLiveObjects: 0.316153 ms CreateObjectMapping: 0.161653 ms MarkObjects: 2.935192 ms  DeleteObjects: 0.066065 ms)

========================================================================
Received Prepare
Registering precompiled user dll's ...
Registered in 0.002325 seconds.
Begin MonoManager ReloadAssembly
Native extension for WindowsStandalone target not found
Native extension for OSXStandalone target not found
Refreshing native plugins compatible for Editor in 0.76 ms, found 1 plugins.
Preloading 0 native plugins for Editor in 0.00 ms.
Mono: successfully reloaded assembly
- Completed reload, in  1.623 seconds
Platform modules already initialized, skipping
Refreshing native plugins compatible for Editor in 0.76 ms, found 1 plugins.
Preloading 0 native plugins for Editor in 0.00 ms.
Unloading 2663 Unused Serialized files (Serialized files now loaded: 0)
System memory in use before: 188.3 MB.
System memory in use after: 188.5 MB.

Unloading 10 unused Assets to reduce memory usage. Loaded Objects now: 3194.
Total: 3.868002 ms (FindLiveObjects: 0.480509 ms CreateObjectMapping: 0.160528 ms MarkObjects: 3.159249 ms  DeleteObjects: 0.065753 ms)

========================================================================
Received Prepare
Registering precompiled user dll's ...
Registered in 0.002938 seconds.
Begin MonoManager ReloadAssembly
Native extension for WindowsStandalone target not found
Native extension for OSXStandalone target not found
Refreshing native plugins compatible for Editor in 1.30 ms, found 1 plugins.
Preloading 0 native plugins for Editor in 0.00 ms.
Mono: successfully reloaded assembly
- Completed reload, in  1.608 seconds
Platform modules already initialized, skipping
Refreshing native plugins compatible for Editor in 0.77 ms, found 1 plugins.
Preloading 0 native plugins for Editor in 0.00 ms.
Unloading 2663 Unused Serialized files (Serialized files now loaded: 0)
System memory in use before: 188.5 MB.
System memory in use after: 188.7 MB.

Unloading 10 unused Assets to reduce memory usage. Loaded Objects now: 3197.
Total: 4.756377 ms (FindLiveObjects: 0.553165 ms CreateObjectMapping: 0.274275 ms MarkObjects: 3.831072 ms  DeleteObjects: 0.093207 ms)

========================================================================
Received Prepare
Registering precompiled user dll's ...
Registered in 0.003435 seconds.
Begin MonoManager ReloadAssembly
Native extension for WindowsStandalone target not found
Native extension for OSXStandalone target not found
Refreshing native plugins compatible for Editor in 1.08 ms, found 1 plugins.
Preloading 0 native plugins for Editor in 0.00 ms.
Mono: successfully reloaded assembly
- Completed reload, in  1.690 seconds
Platform modules already initialized, skipping
Refreshing native plugins compatible for Editor in 0.81 ms, found 1 plugins.
Preloading 0 native plugins for Editor in 0.00 ms.
Unloading 2663 Unused Serialized files (Serialized files now loaded: 0)
System memory in use before: 188.7 MB.
System memory in use after: 188.9 MB.

Unloading 10 unused Assets to reduce memory usage. Loaded Objects now: 3200.
Total: 2.724513 ms (FindLiveObjects: 0.344438 ms CreateObjectMapping: 0.123215 ms MarkObjects: 2.191521 ms  DeleteObjects: 0.063079 ms)

========================================================================
Received Prepare
Registering precompiled user dll's ...
Registered in 0.002660 seconds.
Begin MonoManager ReloadAssembly
Native extension for WindowsStandalone target not found
Native extension for OSXStandalone target not found
Refreshing native plugins compatible for Editor in 0.81 ms, found 1 plugins.
Preloading 0 native plugins for Editor in 0.00 ms.
Mono: successfully reloaded assembly
- Completed reload, in  1.602 seconds
Platform modules already initialized, skipping
Refreshing native plugins compatible for Editor in 0.74 ms, found 1 plugins.
Preloading 0 native plugins for Editor in 0.00 ms.
Unloading 2663 Unused Serialized files (Serialized files now loaded: 0)
System memory in use before: 188.9 MB.
System memory in use after: 189.1 MB.

Unloading 10 unused Assets to reduce memory usage. Loaded Objects now: 3203.
Total: 2.687473 ms (FindLiveObjects: 0.279921 ms CreateObjectMapping: 0.108106 ms MarkObjects: 2.234441 ms  DeleteObjects: 0.063242 ms)

========================================================================
Received Prepare
Registering precompiled user dll's ...
Registered in 0.002303 seconds.
Begin MonoManager ReloadAssembly
Native extension for WindowsStandalone target not found
Native extension for OSXStandalone target not found
Refreshing native plugins compatible for Editor in 0.77 ms, found 1 plugins.
Preloading 0 native plugins for Editor in 0.00 ms.
Mono: successfully reloaded assembly
- Completed reload, in  1.613 seconds
Platform modules already initialized, skipping
Refreshing native plugins compatible for Editor in 2.07 ms, found 1 plugins.
Preloading 0 native plugins for Editor in 0.00 ms.
Unloading 2663 Unused Serialized files (Serialized files now loaded: 0)
System memory in use before: 189.1 MB.
System memory in use after: 189.3 MB.

Unloading 10 unused Assets to reduce memory usage. Loaded Objects now: 3206.
Total: 4.299925 ms (FindLiveObjects: 0.262539 ms CreateObjectMapping: 0.118859 ms MarkObjects: 3.818498 ms  DeleteObjects: 0.098150 ms)

========================================================================
Received Prepare
Registering precompiled user dll's ...
Registered in 0.002618 seconds.
Begin MonoManager ReloadAssembly
Native extension for WindowsStandalone target not found
Native extension for OSXStandalone target not found
Refreshing native plugins compatible for Editor in 0.80 ms, found 1 plugins.
Preloading 0 native plugins for Editor in 0.00 ms.
Mono: successfully reloaded assembly
- Completed reload, in  1.782 seconds
Platform modules already initialized, skipping
Refreshing native plugins compatible for Editor in 0.75 ms, found 1 plugins.
Preloading 0 native plugins for Editor in 0.00 ms.
Unloading 2663 Unused Serialized files (Serialized files now loaded: 0)
System memory in use before: 189.3 MB.
System memory in use after: 189.5 MB.

Unloading 10 unused Assets to reduce memory usage. Loaded Objects now: 3209.
Total: 3.125710 ms (FindLiveObjects: 0.319647 ms CreateObjectMapping: 0.118898 ms MarkObjects: 2.611979 ms  DeleteObjects: 0.068233 ms)

