Using pre-set license

 COMMAND LINE ARGUMENTS:
/Applications/Unity/2021.1.1f1/Unity.app/Contents/MacOS/Unity
-adb2
-batchMode
-noUpm
-name
AssetImportWorker0
-projectPath
/Users/macbook/Desktop/unity_project/main_menu
-logFile
Logs/AssetImportWorker0.log
-srvPort
49847
Successfully changed project path to: /Users/macbook/Desktop/unity_project/main_menu
/Users/macbook/Desktop/unity_project/main_menu
Using Asset Import Pipeline V2.
Refreshing native plugins compatible for Editor in 136.38 ms, found 1 plugins.
Preloading 0 native plugins for Editor in 0.00 ms.
Initialize engine version: 2021.1.1f1 (6fdc41dfa55a)
[Subsystems] Discovering subsystems at path /Applications/Unity/2021.1.1f1/Unity.app/Contents/Resources/UnitySubsystems
[Subsystems] Discovering subsystems at path /Users/macbook/Desktop/unity_project/main_menu/Assets
GfxDevice: creating device client; threaded=0; jobified=0
Renderer: Intel HD Graphics 3000 OpenGL Engine
Vendor:   Intel Inc.
Version:  3.3 INTEL-10.4.14
GLES:     0
 GL_ARB_blend_func_extended GL_ARB_ES2_compatibility GL_ARB_explicit_attrib_location GL_ARB_instanced_arrays GL_ARB_internalformat_query GL_ARB_occlusion_query2 GL_ARB_sampler_objects GL_ARB_separate_shader_objects GL_ARB_shader_bit_encoding GL_ARB_shading_language_include GL_ARB_texture_rgb10_a2ui GL_ARB_texture_storage GL_ARB_texture_swizzle GL_ARB_timer_query GL_ARB_vertex_type_2_10_10_10_rev GL_EXT_debug_label GL_EXT_debug_marker GL_EXT_texture_compression_s3tc GL_EXT_texture_filter_anisotropic GL_EXT_texture_sRGB_decode GL_APPLE_client_storage GL_APPLE_container_object_shareable GL_APPLE_flush_render GL_APPLE_object_purgeable GL_APPLE_rgb_422 GL_APPLE_row_bytes GL_APPLE_texture_range GL_ATI_texture_mirror_once GL_NV_texture_barrier
OPENGL LOG: Creating OpenGL 3.3 graphics device ; Context level  <OpenGL 3.3> ; Context handle -527880704
Initialize mono
Mono path[0] = '/Applications/Unity/2021.1.1f1/Unity.app/Contents/Managed'
Mono path[1] = '/Applications/Unity/2021.1.1f1/Unity.app/Contents/MonoBleedingEdge/lib/mono/unityjit'
Mono config path = '/Applications/Unity/2021.1.1f1/Unity.app/Contents/MonoBleedingEdge/etc'
Using monoOptions --debugger-agent=transport=dt_socket,embedding=1,server=y,suspend=n,address=127.0.0.1:56727
Begin MonoManager ReloadAssembly
Registering precompiled unity dll's ...
Register platform support module: /Applications/Unity/2021.1.1f1/Unity.app/Contents/PlaybackEngines/MacStandaloneSupport/UnityEditor.OSXStandalone.Extensions.dll
Registered in 0.000609 seconds.
Native extension for OSXStandalone target not found
Refreshing native plugins compatible for Editor in 138.28 ms, found 1 plugins.
Preloading 0 native plugins for Editor in 0.00 ms.
Mono: successfully reloaded assembly
- Completed reload, in  3.316 seconds
Platform modules already initialized, skipping
Registering precompiled user dll's ...
Registered in 0.002229 seconds.
Begin MonoManager ReloadAssembly
Native extension for OSXStandalone target not found
Refreshing native plugins compatible for Editor in 0.69 ms, found 1 plugins.
Preloading 0 native plugins for Editor in 0.00 ms.
Mono: successfully reloaded assembly
- Completed reload, in  1.578 seconds
Platform modules already initialized, skipping
========================================================================
Worker process is ready to serve import requests
Launching external process: /Applications/Unity/2021.1.1f1/Unity.app/Contents/Tools/UnityShaderCompiler
Launched and connected shader compiler UnityShaderCompiler after 0.02 seconds
Refreshing native plugins compatible for Editor in 0.91 ms, found 1 plugins.
Preloading 0 native plugins for Editor in 0.00 ms.
Unloading 2665 Unused Serialized files (Serialized files now loaded: 0)
System memory in use before: 165.3 MB.
System memory in use after: 165.5 MB.

Unloading 15 unused Assets to reduce memory usage. Loaded Objects now: 3116.
Total: 2.868765 ms (FindLiveObjects: 0.282669 ms CreateObjectMapping: 0.112570 ms MarkObjects: 2.373695 ms  DeleteObjects: 0.097492 ms)

========================================================================
Received Import Request.
  path: Assets/Scripts
  artifactKey: Guid(f44c8bd9a8be64c31a0ba752922c96eb) Importer(815301076,1909f56bfc062723c751e8b465ee728b)
Start importing Assets/Scripts using Guid(f44c8bd9a8be64c31a0ba752922c96eb) Importer(815301076,1909f56bfc062723c751e8b465ee728b)  -> (artifact id: 'ba59f05fa8442436c25ce0182406a4e9') in 0.007548 seconds 
========================================================================
Received Import Request.
  Time since last request: 1.425366 seconds.
  path: Assets/Scripts/New Folder
  artifactKey: Guid(c8629bd7b18b8467cb7f8d1512db03db) Importer(815301076,1909f56bfc062723c751e8b465ee728b)
Start importing Assets/Scripts/New Folder using Guid(c8629bd7b18b8467cb7f8d1512db03db) Importer(815301076,1909f56bfc062723c751e8b465ee728b)  -> (artifact id: 'd9790317e787108c545558a250c2c8c7') in 0.002935 seconds 
========================================================================
Received Import Request.
  Time since last request: 12.659610 seconds.
  path: Assets/Image
  artifactKey: Guid(eaf4fbb3763c34c99bf078764c05ced6) Importer(815301076,1909f56bfc062723c751e8b465ee728b)
Start importing Assets/Image using Guid(eaf4fbb3763c34c99bf078764c05ced6) Importer(815301076,1909f56bfc062723c751e8b465ee728b)  -> (artifact id: 'fb4918cf4e3142dae069b36ac44bb63b') in 0.001942 seconds 
========================================================================
Received Import Request.
  Time since last request: 3.052043 seconds.
  path: Assets/Scenes
  artifactKey: Guid(e4f2afdb8a5d540139e74c4ca89111c4) Importer(815301076,1909f56bfc062723c751e8b465ee728b)
Start importing Assets/Scenes using Guid(e4f2afdb8a5d540139e74c4ca89111c4) Importer(815301076,1909f56bfc062723c751e8b465ee728b)  -> (artifact id: 'c4b6c8e58307981b5a417436b520b22b') in 0.002106 seconds 
========================================================================
Received Import Request.
  Time since last request: 964.362218 seconds.
  path: Assets/TextMesh Pro/Fonts/LiberationSans.ttf
  artifactKey: Guid(e3265ab4bf004d28a9537516768c1c75) Importer(815301076,1909f56bfc062723c751e8b465ee728b)
Start importing Assets/TextMesh Pro/Fonts/LiberationSans.ttf using Guid(e3265ab4bf004d28a9537516768c1c75) Importer(815301076,1909f56bfc062723c751e8b465ee728b)  -> (artifact id: 'a05b11dd94fe1a3a292a1a9d1c1a084d') in 0.601345 seconds 
========================================================================
Received Import Request.
  Time since last request: 0.000324 seconds.
  path: Assets/TextMesh Pro/Resources/Fonts & Materials/LiberationSans SDF - Outline.mat
  artifactKey: Guid(79459efec17a4d00a321bdcc27bbc385) Importer(815301076,1909f56bfc062723c751e8b465ee728b)
Start importing Assets/TextMesh Pro/Resources/Fonts & Materials/LiberationSans SDF - Outline.mat using Guid(79459efec17a4d00a321bdcc27bbc385) Importer(815301076,1909f56bfc062723c751e8b465ee728b)  -> (artifact id: '63a5cdfd1c5db7e6a27a943aaa534369') in 0.557435 seconds 
========================================================================
Received Import Request.
  Time since last request: 0.000304 seconds.
  path: Assets/TextMesh Pro/Resources/Fonts & Materials/LiberationSans SDF - Fallback.asset
  artifactKey: Guid(2e498d1c8094910479dc3e1b768306a4) Importer(815301076,1909f56bfc062723c751e8b465ee728b)
Start importing Assets/TextMesh Pro/Resources/Fonts & Materials/LiberationSans SDF - Fallback.asset using Guid(2e498d1c8094910479dc3e1b768306a4) Importer(815301076,1909f56bfc062723c751e8b465ee728b)  -> (artifact id: '1d967af1ea0c1538bd42489a0e3761d9') in 0.174595 seconds 
========================================================================
Received Import Request.
  Time since last request: 0.000263 seconds.
  path: Assets/TextMesh Pro/Resources/Fonts & Materials/LiberationSans SDF - Drop Shadow.mat
  artifactKey: Guid(e73a58f6e2794ae7b1b7e50b7fb811b0) Importer(815301076,1909f56bfc062723c751e8b465ee728b)
Start importing Assets/TextMesh Pro/Resources/Fonts & Materials/LiberationSans SDF - Drop Shadow.mat using Guid(e73a58f6e2794ae7b1b7e50b7fb811b0) Importer(815301076,1909f56bfc062723c751e8b465ee728b)  -> (artifact id: 'e16fb537380f2189399bb76e373e5b45') in 0.150987 seconds 
========================================================================
Received Import Request.
  Time since last request: 524.002083 seconds.
  path: Assets/TextMesh Pro
  artifactKey: Guid(f54d1bd14bd3ca042bd867b519fee8cc) Importer(815301076,1909f56bfc062723c751e8b465ee728b)
Start importing Assets/TextMesh Pro using Guid(f54d1bd14bd3ca042bd867b519fee8cc) Importer(815301076,1909f56bfc062723c751e8b465ee728b)  -> (artifact id: '1ee39841f6b5369c1a84669e1cae9fd1') in 0.002966 seconds 
========================================================================
Received Prepare
Registering precompiled user dll's ...
Registered in 0.002357 seconds.
Begin MonoManager ReloadAssembly
Native extension for OSXStandalone target not found
Refreshing native plugins compatible for Editor in 0.68 ms, found 1 plugins.
Preloading 0 native plugins for Editor in 0.00 ms.
Mono: successfully reloaded assembly
- Completed reload, in  1.427 seconds
Platform modules already initialized, skipping
Refreshing native plugins compatible for Editor in 0.73 ms, found 1 plugins.
Preloading 0 native plugins for Editor in 0.00 ms.
Unloading 2675 Unused Serialized files (Serialized files now loaded: 0)
System memory in use before: 185.6 MB.
System memory in use after: 185.3 MB.

Unloading 22 unused Assets to reduce memory usage. Loaded Objects now: 3194.
Total: 4.156059 ms (FindLiveObjects: 0.592534 ms CreateObjectMapping: 0.333932 ms MarkObjects: 2.857279 ms  DeleteObjects: 0.370120 ms)

========================================================================
Received Import Request.
  Time since last request: 43.576571 seconds.
  path: Assets/Image/SC_Background.png
  artifactKey: Guid(8a0d3f98b2a51468b83560752edda9de) Importer(815301076,1909f56bfc062723c751e8b465ee728b)
Start importing Assets/Image/SC_Background.png using Guid(8a0d3f98b2a51468b83560752edda9de) Importer(815301076,1909f56bfc062723c751e8b465ee728b)  -> (artifact id: '2023d3def78c8a840d354f5ed7bf2a66') in 0.380853 seconds 
========================================================================
Received Import Request.
  Time since last request: 40.788788 seconds.
  path: Assets/Image/SC_Background.png
  artifactKey: Guid(8a0d3f98b2a51468b83560752edda9de) Importer(815301076,1909f56bfc062723c751e8b465ee728b)
Start importing Assets/Image/SC_Background.png using Guid(8a0d3f98b2a51468b83560752edda9de) Importer(815301076,1909f56bfc062723c751e8b465ee728b)  -> (artifact id: '0db879ab272e86ec5073ff63a36da9db') in 0.075550 seconds 
========================================================================
Received Import Request.
  Time since last request: 179.644578 seconds.
  path: ProjectSettings/TagManager.asset
  artifactKey: Guid(00000000000000003000000000000000) Importer(815301076,1909f56bfc062723c751e8b465ee728b)
Start importing ProjectSettings/TagManager.asset using Guid(00000000000000003000000000000000) Importer(815301076,1909f56bfc062723c751e8b465ee728b)  -> (artifact id: '4d0bcabdc2b22e43aa7c7fb19f6c7324') in 0.006738 seconds 
========================================================================
Received Import Request.
  Time since last request: 64.084741 seconds.
  path: Assets/Scenes/SampleScene.unity
  artifactKey: Guid(9fc0d4010bbf28b4594072e72b8655ab) Importer(815301076,1909f56bfc062723c751e8b465ee728b)
Start importing Assets/Scenes/SampleScene.unity using Guid(9fc0d4010bbf28b4594072e72b8655ab) Importer(815301076,1909f56bfc062723c751e8b465ee728b)  -> (artifact id: '41d69758c4b97b0a3a358ddd81bb05a1') in 0.057229 seconds 
========================================================================
Received Import Request.
  Time since last request: 13.836974 seconds.
  path: Assets/Scenes/Main_MenuScene.unity
  artifactKey: Guid(9fc0d4010bbf28b4594072e72b8655ab) Importer(815301076,1909f56bfc062723c751e8b465ee728b)
Start importing Assets/Scenes/Main_MenuScene.unity using Guid(9fc0d4010bbf28b4594072e72b8655ab) Importer(815301076,1909f56bfc062723c751e8b465ee728b)  -> (artifact id: '6717ccca691a769240ee26ebcd21a991') in 0.002121 seconds 
========================================================================
Received Prepare
Registering precompiled user dll's ...
Registered in 0.002235 seconds.
Begin MonoManager ReloadAssembly
Native extension for OSXStandalone target not found
Refreshing native plugins compatible for Editor in 0.70 ms, found 1 plugins.
Preloading 0 native plugins for Editor in 0.00 ms.
Mono: successfully reloaded assembly
- Completed reload, in  1.492 seconds
Platform modules already initialized, skipping
Refreshing native plugins compatible for Editor in 0.69 ms, found 1 plugins.
Preloading 0 native plugins for Editor in 0.00 ms.
Unloading 2673 Unused Serialized files (Serialized files now loaded: 0)
System memory in use before: 201.7 MB.
System memory in use after: 201.3 MB.

Unloading 23 unused Assets to reduce memory usage. Loaded Objects now: 3231.
Total: 4.551749 ms (FindLiveObjects: 0.664656 ms CreateObjectMapping: 0.202254 ms MarkObjects: 3.342577 ms  DeleteObjects: 0.339936 ms)

========================================================================
Received Import Request.
  Time since last request: 951.428355 seconds.
  path: Assets/Scripts/Menu_control.cs
  artifactKey: Guid(88dad4359ee4342b3a66b0ac97e65a48) Importer(815301076,1909f56bfc062723c751e8b465ee728b)
Start importing Assets/Scripts/Menu_control.cs using Guid(88dad4359ee4342b3a66b0ac97e65a48) Importer(815301076,1909f56bfc062723c751e8b465ee728b)  -> (artifact id: 'c732494d1072e4cc458533037580457d') in 0.068086 seconds 
========================================================================
Received Prepare
Registering precompiled user dll's ...
Registered in 0.002279 seconds.
Begin MonoManager ReloadAssembly
Native extension for OSXStandalone target not found
Refreshing native plugins compatible for Editor in 0.61 ms, found 1 plugins.
Preloading 0 native plugins for Editor in 0.00 ms.
Mono: successfully reloaded assembly
- Completed reload, in  1.494 seconds
Platform modules already initialized, skipping
Refreshing native plugins compatible for Editor in 0.72 ms, found 1 plugins.
Preloading 0 native plugins for Editor in 0.00 ms.
Unloading 2673 Unused Serialized files (Serialized files now loaded: 0)
System memory in use before: 203.0 MB.
System memory in use after: 202.6 MB.

Unloading 22 unused Assets to reduce memory usage. Loaded Objects now: 3235.
Total: 3.131521 ms (FindLiveObjects: 0.264238 ms CreateObjectMapping: 0.116075 ms MarkObjects: 2.400571 ms  DeleteObjects: 0.348805 ms)

========================================================================
Received Import Request.
  Time since last request: 267.971251 seconds.
  path: Assets/Scripts/Menu_control.cs
  artifactKey: Guid(88dad4359ee4342b3a66b0ac97e65a48) Importer(815301076,1909f56bfc062723c751e8b465ee728b)
Start importing Assets/Scripts/Menu_control.cs using Guid(88dad4359ee4342b3a66b0ac97e65a48) Importer(815301076,1909f56bfc062723c751e8b465ee728b)  -> (artifact id: 'ebcc79629a8a8cb77a47fdcb4c24e5a7') in 0.005894 seconds 
========================================================================
Received Import Request.
  Time since last request: 49.710055 seconds.
  path: Assets/Scripts/Menu_control.cs
  artifactKey: Guid(88dad4359ee4342b3a66b0ac97e65a48) Importer(815301076,1909f56bfc062723c751e8b465ee728b)
Start importing Assets/Scripts/Menu_control.cs using Guid(88dad4359ee4342b3a66b0ac97e65a48) Importer(815301076,1909f56bfc062723c751e8b465ee728b)  -> (artifact id: 'b614462bc2f9d315766dd51fce0ed6b3') in 0.001490 seconds 
========================================================================
Received Prepare
Registering precompiled user dll's ...
Registered in 0.002347 seconds.
Begin MonoManager ReloadAssembly
Native extension for OSXStandalone target not found
Refreshing native plugins compatible for Editor in 0.71 ms, found 1 plugins.
Preloading 0 native plugins for Editor in 0.00 ms.
Mono: successfully reloaded assembly
- Completed reload, in  1.697 seconds
Platform modules already initialized, skipping
Refreshing native plugins compatible for Editor in 0.71 ms, found 1 plugins.
Preloading 0 native plugins for Editor in 0.00 ms.
Unloading 2673 Unused Serialized files (Serialized files now loaded: 0)
System memory in use before: 203.2 MB.
System memory in use after: 202.8 MB.

Unloading 22 unused Assets to reduce memory usage. Loaded Objects now: 3238.
Total: 2.981314 ms (FindLiveObjects: 0.333808 ms CreateObjectMapping: 0.112102 ms MarkObjects: 2.188016 ms  DeleteObjects: 0.345563 ms)

========================================================================
Received Import Request.
  Time since last request: 209.723490 seconds.
  path: Assets/Scripts/Menu_control.cs
  artifactKey: Guid(88dad4359ee4342b3a66b0ac97e65a48) Importer(815301076,1909f56bfc062723c751e8b465ee728b)
Start importing Assets/Scripts/Menu_control.cs using Guid(88dad4359ee4342b3a66b0ac97e65a48) Importer(815301076,1909f56bfc062723c751e8b465ee728b)  -> (artifact id: '87d8494fb727cd45fa3bfc1770d12820') in 0.006984 seconds 
========================================================================
Received Prepare
Registering precompiled user dll's ...
Registered in 0.002285 seconds.
Begin MonoManager ReloadAssembly
Native extension for OSXStandalone target not found
Refreshing native plugins compatible for Editor in 0.79 ms, found 1 plugins.
Preloading 0 native plugins for Editor in 0.00 ms.
Mono: successfully reloaded assembly
- Completed reload, in  1.593 seconds
Platform modules already initialized, skipping
Refreshing native plugins compatible for Editor in 1.47 ms, found 1 plugins.
Preloading 0 native plugins for Editor in 0.00 ms.
Unloading 2673 Unused Serialized files (Serialized files now loaded: 0)
System memory in use before: 203.4 MB.
System memory in use after: 203.0 MB.

Unloading 22 unused Assets to reduce memory usage. Loaded Objects now: 3241.
Total: 3.198132 ms (FindLiveObjects: 0.264185 ms CreateObjectMapping: 0.107826 ms MarkObjects: 2.476548 ms  DeleteObjects: 0.347944 ms)

========================================================================
Received Prepare
Registering precompiled user dll's ...
Registered in 0.003096 seconds.
Begin MonoManager ReloadAssembly
Native extension for OSXStandalone target not found
Refreshing native plugins compatible for Editor in 0.96 ms, found 1 plugins.
Preloading 0 native plugins for Editor in 0.00 ms.
Mono: successfully reloaded assembly
- Completed reload, in  1.594 seconds
Platform modules already initialized, skipping
Refreshing native plugins compatible for Editor in 0.70 ms, found 1 plugins.
Preloading 0 native plugins for Editor in 0.00 ms.
Unloading 2673 Unused Serialized files (Serialized files now loaded: 0)
System memory in use before: 203.6 MB.
System memory in use after: 203.2 MB.

Unloading 22 unused Assets to reduce memory usage. Loaded Objects now: 3244.
Total: 3.199772 ms (FindLiveObjects: 0.278580 ms CreateObjectMapping: 0.112820 ms MarkObjects: 2.471838 ms  DeleteObjects: 0.334147 ms)

========================================================================
Received Import Request.
  Time since last request: 46.334170 seconds.
  path: Assets/Scripts/Menu_control.cs
  artifactKey: Guid(88dad4359ee4342b3a66b0ac97e65a48) Importer(815301076,1909f56bfc062723c751e8b465ee728b)
Start importing Assets/Scripts/Menu_control.cs using Guid(88dad4359ee4342b3a66b0ac97e65a48) Importer(815301076,1909f56bfc062723c751e8b465ee728b)  -> (artifact id: '2f64b81d794af4ab2fb68bc9be0bd9c6') in 0.008251 seconds 
========================================================================
Received Prepare
Refreshing native plugins compatible for Editor in 16.10 ms, found 1 plugins.
Preloading 0 native plugins for Editor in 0.00 ms.
Unloading 20 Unused Serialized files (Serialized files now loaded: 0)
System memory in use before: 151.1 MB.
System memory in use after: 150.7 MB.

Unloading 20 unused Assets to reduce memory usage. Loaded Objects now: 3244.
Total: 2.944707 ms (FindLiveObjects: 0.265930 ms CreateObjectMapping: 0.115558 ms MarkObjects: 2.201613 ms  DeleteObjects: 0.360119 ms)

========================================================================
Received Prepare
Refreshing native plugins compatible for Editor in 1.72 ms, found 1 plugins.
Preloading 0 native plugins for Editor in 0.00 ms.
Unloading 20 Unused Serialized files (Serialized files now loaded: 0)
System memory in use before: 151.1 MB.
System memory in use after: 150.7 MB.

Unloading 20 unused Assets to reduce memory usage. Loaded Objects now: 3244.
Total: 5.042762 ms (FindLiveObjects: 0.526784 ms CreateObjectMapping: 0.269135 ms MarkObjects: 3.707801 ms  DeleteObjects: 0.534363 ms)

========================================================================
Received Prepare
Refreshing native plugins compatible for Editor in 3.34 ms, found 1 plugins.
Preloading 0 native plugins for Editor in 0.00 ms.
Unloading 20 Unused Serialized files (Serialized files now loaded: 0)
System memory in use before: 151.1 MB.
System memory in use after: 150.8 MB.

Unloading 20 unused Assets to reduce memory usage. Loaded Objects now: 3244.
Total: 2.880728 ms (FindLiveObjects: 0.259396 ms CreateObjectMapping: 0.106785 ms MarkObjects: 2.152205 ms  DeleteObjects: 0.360253 ms)

========================================================================
Received Prepare
Refreshing native plugins compatible for Editor in 2.10 ms, found 1 plugins.
Preloading 0 native plugins for Editor in 0.00 ms.
Unloading 20 Unused Serialized files (Serialized files now loaded: 0)
System memory in use before: 151.1 MB.
System memory in use after: 150.8 MB.

Unloading 20 unused Assets to reduce memory usage. Loaded Objects now: 3244.
Total: 2.892951 ms (FindLiveObjects: 0.303792 ms CreateObjectMapping: 0.120607 ms MarkObjects: 2.112341 ms  DeleteObjects: 0.354185 ms)

========================================================================
Received Prepare
Registering precompiled user dll's ...
Registered in 0.002818 seconds.
Begin MonoManager ReloadAssembly
Native extension for OSXStandalone target not found
Refreshing native plugins compatible for Editor in 0.70 ms, found 1 plugins.
Preloading 0 native plugins for Editor in 0.00 ms.
Mono: successfully reloaded assembly
- Completed reload, in  1.615 seconds
Platform modules already initialized, skipping
Refreshing native plugins compatible for Editor in 0.85 ms, found 1 plugins.
Preloading 0 native plugins for Editor in 0.00 ms.
Unloading 2673 Unused Serialized files (Serialized files now loaded: 0)
System memory in use before: 203.8 MB.
System memory in use after: 203.5 MB.

Unloading 22 unused Assets to reduce memory usage. Loaded Objects now: 3247.
Total: 4.780313 ms (FindLiveObjects: 0.470655 ms CreateObjectMapping: 0.265996 ms MarkObjects: 3.514233 ms  DeleteObjects: 0.525245 ms)

========================================================================
Received Prepare
Refreshing native plugins compatible for Editor in 1.81 ms, found 1 plugins.
Preloading 0 native plugins for Editor in 0.00 ms.
Unloading 20 Unused Serialized files (Serialized files now loaded: 0)
System memory in use before: 151.3 MB.
System memory in use after: 151.0 MB.

Unloading 20 unused Assets to reduce memory usage. Loaded Objects now: 3247.
Total: 3.010530 ms (FindLiveObjects: 0.260793 ms CreateObjectMapping: 0.114241 ms MarkObjects: 2.276600 ms  DeleteObjects: 0.356717 ms)

========================================================================
Received Prepare
Refreshing native plugins compatible for Editor in 1.78 ms, found 1 plugins.
Preloading 0 native plugins for Editor in 0.00 ms.
Unloading 20 Unused Serialized files (Serialized files now loaded: 0)
System memory in use before: 151.3 MB.
System memory in use after: 151.0 MB.

Unloading 20 unused Assets to reduce memory usage. Loaded Objects now: 3247.
Total: 3.432101 ms (FindLiveObjects: 0.280471 ms CreateObjectMapping: 0.114212 ms MarkObjects: 2.679608 ms  DeleteObjects: 0.355692 ms)

========================================================================
Received Prepare
Refreshing native plugins compatible for Editor in 1.77 ms, found 1 plugins.
Preloading 0 native plugins for Editor in 0.00 ms.
Unloading 20 Unused Serialized files (Serialized files now loaded: 0)
System memory in use before: 151.3 MB.
System memory in use after: 151.0 MB.

Unloading 20 unused Assets to reduce memory usage. Loaded Objects now: 3247.
Total: 5.306882 ms (FindLiveObjects: 0.357631 ms CreateObjectMapping: 0.264997 ms MarkObjects: 4.243650 ms  DeleteObjects: 0.437780 ms)

========================================================================
Received Prepare
Refreshing native plugins compatible for Editor in 2.41 ms, found 1 plugins.
Preloading 0 native plugins for Editor in 0.00 ms.
Unloading 20 Unused Serialized files (Serialized files now loaded: 0)
System memory in use before: 151.3 MB.
System memory in use after: 151.0 MB.

Unloading 20 unused Assets to reduce memory usage. Loaded Objects now: 3247.
Total: 4.233176 ms (FindLiveObjects: 0.268385 ms CreateObjectMapping: 0.106483 ms MarkObjects: 3.209953 ms  DeleteObjects: 0.644818 ms)

========================================================================
Received Prepare
Refreshing native plugins compatible for Editor in 1.83 ms, found 1 plugins.
Preloading 0 native plugins for Editor in 0.00 ms.
Unloading 20 Unused Serialized files (Serialized files now loaded: 0)
System memory in use before: 151.3 MB.
System memory in use after: 151.0 MB.

Unloading 20 unused Assets to reduce memory usage. Loaded Objects now: 3247.
Total: 3.595095 ms (FindLiveObjects: 0.264894 ms CreateObjectMapping: 0.114797 ms MarkObjects: 2.667879 ms  DeleteObjects: 0.545459 ms)

========================================================================
Received Prepare
Refreshing native plugins compatible for Editor in 3.02 ms, found 1 plugins.
Preloading 0 native plugins for Editor in 0.00 ms.
Unloading 20 Unused Serialized files (Serialized files now loaded: 0)
System memory in use before: 151.4 MB.
System memory in use after: 151.0 MB.

Unloading 20 unused Assets to reduce memory usage. Loaded Objects now: 3247.
Total: 5.791643 ms (FindLiveObjects: 0.820468 ms CreateObjectMapping: 0.425708 ms MarkObjects: 3.998108 ms  DeleteObjects: 0.543788 ms)

========================================================================
Received Prepare
Refreshing native plugins compatible for Editor in 2.19 ms, found 1 plugins.
Preloading 0 native plugins for Editor in 0.00 ms.
Unloading 20 Unused Serialized files (Serialized files now loaded: 0)
System memory in use before: 151.4 MB.
System memory in use after: 151.0 MB.

Unloading 20 unused Assets to reduce memory usage. Loaded Objects now: 3247.
Total: 6.118028 ms (FindLiveObjects: 0.533949 ms CreateObjectMapping: 0.354691 ms MarkObjects: 4.523435 ms  DeleteObjects: 0.701280 ms)

========================================================================
Received Prepare
Refreshing native plugins compatible for Editor in 148.49 ms, found 1 plugins.
Preloading 0 native plugins for Editor in 0.00 ms.
Unloading 20 Unused Serialized files (Serialized files now loaded: 0)
System memory in use before: 151.4 MB.
System memory in use after: 151.1 MB.

Unloading 20 unused Assets to reduce memory usage. Loaded Objects now: 3247.
Total: 3.925485 ms (FindLiveObjects: 0.490764 ms CreateObjectMapping: 0.207396 ms MarkObjects: 2.764308 ms  DeleteObjects: 0.459488 ms)

========================================================================
Received Prepare
Refreshing native plugins compatible for Editor in 2.24 ms, found 1 plugins.
Preloading 0 native plugins for Editor in 0.00 ms.
Unloading 20 Unused Serialized files (Serialized files now loaded: 0)
System memory in use before: 151.4 MB.
System memory in use after: 151.1 MB.

Unloading 20 unused Assets to reduce memory usage. Loaded Objects now: 3247.
Total: 2.999258 ms (FindLiveObjects: 0.274116 ms CreateObjectMapping: 0.111719 ms MarkObjects: 2.242882 ms  DeleteObjects: 0.368294 ms)

========================================================================
Received Import Request.
  Time since last request: 1985.266861 seconds.
  path: Assets/Credit.unity
  artifactKey: Guid(ceb481be8c57949ad90f2a6ebb7554d1) Importer(815301076,1909f56bfc062723c751e8b465ee728b)
Start importing Assets/Credit.unity using Guid(ceb481be8c57949ad90f2a6ebb7554d1) Importer(815301076,1909f56bfc062723c751e8b465ee728b)  -> (artifact id: 'ec352c8a00487303fc99f8f16a9de22b') in 0.077547 seconds 
========================================================================
Received Import Request.
  Time since last request: 10.562366 seconds.
  path: Assets/Scenes/Start.unity
  artifactKey: Guid(d6a54e10764cd4ba39939d8c2ba5d346) Importer(815301076,1909f56bfc062723c751e8b465ee728b)
Start importing Assets/Scenes/Start.unity using Guid(d6a54e10764cd4ba39939d8c2ba5d346) Importer(815301076,1909f56bfc062723c751e8b465ee728b)  -> (artifact id: '62e093f16f715a7b9dd4c782424e8e4b') in 0.049875 seconds 
========================================================================
Received Import Request.
  Time since last request: 13.081776 seconds.
  path: Assets/Scenes/Option.unity
  artifactKey: Guid(1f0185d0150c746c4bff99e2b732d6bd) Importer(815301076,1909f56bfc062723c751e8b465ee728b)
Start importing Assets/Scenes/Option.unity using Guid(1f0185d0150c746c4bff99e2b732d6bd) Importer(815301076,1909f56bfc062723c751e8b465ee728b)  -> (artifact id: '0da2defb6583b1b3df5fb1d743023bb8') in 0.052764 seconds 
========================================================================
Received Prepare
Refreshing native plugins compatible for Editor in 14.23 ms, found 1 plugins.
Preloading 0 native plugins for Editor in 0.00 ms.
Unloading 20 Unused Serialized files (Serialized files now loaded: 0)
System memory in use before: 151.6 MB.
System memory in use after: 151.3 MB.

Unloading 20 unused Assets to reduce memory usage. Loaded Objects now: 3247.
Total: 5.222925 ms (FindLiveObjects: 0.381116 ms CreateObjectMapping: 0.194560 ms MarkObjects: 4.205078 ms  DeleteObjects: 0.439247 ms)

========================================================================
Received Import Request.
  Time since last request: 122.072561 seconds.
  path: Assets/Scenes/Main_MenuScene.unity
  artifactKey: Guid(9fc0d4010bbf28b4594072e72b8655ab) Importer(815301076,1909f56bfc062723c751e8b465ee728b)
Start importing Assets/Scenes/Main_MenuScene.unity using Guid(9fc0d4010bbf28b4594072e72b8655ab) Importer(815301076,1909f56bfc062723c751e8b465ee728b)  -> (artifact id: '8448a326247ae404da01ea4d3c629f01') in 0.017813 seconds 
